<?xml version="1.0" encoding="UTF-8"?>
<testng-results ignored="0" total="1" passed="1" failed="0" skipped="0">
  <reporter-output>
  </reporter-output>
  <suite started-at="2023-06-07T11:10:43 IST" name="Default suite" finished-at="2023-06-07T11:11:28 IST" duration-ms="44134">
    <groups>
    </groups>
    <test started-at="2023-06-07T11:10:43 IST" name="Default test" finished-at="2023-06-07T11:11:28 IST" duration-ms="44134">
      <class name="com.maven.testscript.LoginActi">
        <test-method signature="login()[pri:0, instance:com.maven.testscript.LoginActi@2f7c2f4f]" started-at="2023-06-07T11:10:44 IST" name="login" finished-at="2023-06-07T11:11:28 IST" duration-ms="44031" status="PASS">
          <reporter-output>
          </reporter-output>
        </test-method> <!-- login -->
      </class> <!-- com.maven.testscript.LoginActi -->
    </test> <!-- Default test -->
  </suite> <!-- Default suite -->
</testng-results>
